<?xml version="1.0" encoding="UTF-8"?>
<testsuite xmlns:xsi="http://www.w3.org/2001/XMLSchema-instance" xsi:noNamespaceSchemaLocation="https://maven.apache.org/surefire/maven-surefire-plugin/xsd/surefire-test-report.xsd" version="3.0.2" name="com.tweiy.TliasWenManagementApplicationTests" time="1.394" tests="1" errors="0" skipped="0" failures="0">
  <properties>
[...]
</properties>
  <testcase name="contextLoads" classname="com.tweiy.TliasWenManagementApplicationTests" time="0.295">
    <system-out><![CDATA[2025-12-19 11:43:22.645 [main] INFO  o.s.t.c.support.AnnotationConfigContextLoaderUtils-Could not detect default configuration classes for test class [com.tweiy.TliasWenManagementApplicationTests]: TliasWenManagementApplicationTests does not declare any static, non-private, non-final, nested classes annotated with @Configuration.
2025-12-19 11:43:22.683 [main] INFO  o.s.b.t.context.SpringBootTestContextBootstrapper-Found @SpringBootConfiguration com.tweiy.TliasWenManagementApplication for test class com.tweiy.TliasWenManagementApplicationTests

  .   ____          _            __ _ _
 /\\ / ___'_ __ _ _(_)_ __  __ _ \ \ \ \
( ( )\___ | '_ | '_| | '_ \/ _` | \ \ \ \
 \\/  ___)| |_)| | | | | || (_| |  ) ) ) )
  '  |____| .__|_| |_|_| |_\__, | / / / /
 =========|_|==============|___/=/_/_/_/

 :: Spring Boot ::               (v3.4.12)

2025-12-19 11:43:22.835 [main] INFO  com.tweiy.TliasWenManagementApplicationTests-Starting TliasWenManagementApplicationTests using Java 17.0.15 with PID 95260 (started by tongweiya in /Users/tongweiya/Desktop/tlias-wen-management)
2025-12-19 11:43:22.836 [main] INFO  com.tweiy.TliasWenManagementApplicationTests-No active profile set, falling back to 1 default profile: "default"
Logging initialized using 'class org.apache.ibatis.logging.stdout.StdOutImpl' adapter.


,------.                           ,--.  ,--.         ,--.                         
|  .--. '  ,--,--.  ,---.   ,---.  |  '--'  |  ,---.  |  |  ,---.   ,---.  ,--.--. 
|  '--' | ' ,-.  | | .-. | | .-. : |  .--.  | | .-. : |  | | .-. | | .-. : |  .--' 
|  | --'  \ '-'  | ' '-' ' \   --. |  |  |  | \   --. |  | | '-' ' \   --. |  |    
`--'       `--`--' .`-  /   `----' `--'  `--'  `----' `--' |  |-'   `----' `--'    
                   `---'                                   `--'                        is intercepting.

2025-12-19 11:43:23.605 [main] INFO  o.s.b.actuate.endpoint.web.EndpointLinksResolver-Exposing 1 endpoint beneath base path '/actuator'
2025-12-19 11:43:23.634 [main] INFO  com.tweiy.TliasWenManagementApplicationTests-Started TliasWenManagementApplicationTests in 0.902 seconds (process running for 1.28)
]]></system-out>
  </testcase>
</testsuite>